<?xml version="1.0" encoding="UTF-8"?>
<!-- Generated by org.testng.reporters.JUnitXMLReporter -->
<testsuite ignored="0" hostname="Jaymins-MacBook-Air.local" failures="1" tests="1" name="Register Test" time="0.015" errors="0" timestamp="2021-05-31T23:23:47 EDT">
  <testcase classname="testcasessuiteb.ValidateUsersRegTest" name="validate" time="0.009">
    <failure type="java.lang.AssertionError" message="The following asserts failed:
	expected [ABCfggg] but found [ABC],
	expected [Arithmatic Error] but found [false],
	404 Error fail">
      <![CDATA[java.lang.AssertionError: The following asserts failed:
expected [ABCfggg] but found [ABC],
expected [Arithmatic Error] but found [false],
404 Error fail
at testcasessuiteb.ValidateUsersRegTest.validate(ValidateUsersRegTest.java:19)
at java.base/java.util.ArrayList.forEach(ArrayList.java:1511)
... Removed 30 stack frames]]>
    </failure>
  </testcase> <!-- validate -->
</testsuite> <!-- Register Test -->
