<?xml version="1.0" encoding="UTF-8"?>
<!-- Generated by org.testng.reporters.JUnitXMLReporter -->
<testsuite ignored="0" hostname="Jaymins-MacBook-Air.local" failures="1" tests="3" name="Search Buy Phone" time="0.009" errors="0" timestamp="2021-05-31T23:23:47 EDT">
  <testcase classname="testcasessuiteb.SearchAndBuyPhone" name="search" time="0.0"/>
  <testcase classname="testcasessuiteb.SearchAndBuyPhone" name="selectPhone" time="0.001">
    <failure type="java.lang.AssertionError" message="null">
      <![CDATA[java.lang.AssertionError: null
at testcasessuiteb.SearchAndBuyPhone.selectPhone(SearchAndBuyPhone.java:36)
at java.base/java.util.ArrayList.forEach(ArrayList.java:1511)
... Removed 30 stack frames]]>
    </failure>
  </testcase> <!-- selectPhone -->
  <testcase classname="testcasessuiteb.SearchAndBuyPhone" name="checkout" time="0.0">
    <skipped/>
  </testcase> <!-- checkout -->
</testsuite> <!-- Search Buy Phone -->
